-------------------------------------------------------------------------------
Test set: feature.hackhatonRun
-------------------------------------------------------------------------------
Tests run: 11, Failures: 1, Errors: 0, Skipped: 0, Time elapsed: 2.737 sec <<< FAILURE! - in feature.hackhatonRun
testAll[1][5]  Time elapsed: 0.011 sec  <<< FAILURE!
org.opentest4j.AssertionFailedError: products.feature:40 - javascript evaluation failed: productPath, ReferenceError: "productPath" is not defined in <eval> at line number 1

