<?xml version="1.0" encoding="UTF-8"?>
<testsuite xmlns:xsi="http://www.w3.org/2001/XMLSchema-instance" xsi:schemaLocation="https://maven.apache.org/surefire/maven-surefire-plugin/xsd/surefire-test-report.xsd" name="hackhaton.hackhatonRun" time="1.533" tests="10" errors="0" skipped="0" failures="9">
  <properties>
[...]
</properties>
  <testcase name="testAll[1][1]" classname="hackhaton.hackhatonRun" time="0.038"/>
  <testcase name="testAll[1][2]" classname="hackhaton.hackhatonRun" time="0.161">
    <failure message="products.feature:23 - status code was: 500, expected: 200, response time: 243, url: http://www.mocky.io/v2/healthz, response: " type="org.opentest4j.AssertionFailedError">org.opentest4j.AssertionFailedError: products.feature:23 - status code was: 500, expected: 200, response time: 243, url: http://www.mocky.io/v2/healthz, response: 
</failure>
    <system-out><![CDATA[10:38:34.754 [main] INFO  com.intuit.karate - karate.env system property was: null 
10:38:34.757 [main] DEBUG com.intuit.karate - request:
1 > GET http://www.mocky.io/v2/healthz
1 > Accept: application/json
1 > Accept-Encoding: gzip,deflate
1 > Connection: Keep-Alive
1 > Host: www.mocky.io
1 > User-Agent: Apache-HttpClient/4.5.5 (Java/1.8.0_221)

10:38:35.000 [main] DEBUG com.intuit.karate - response time in milliseconds: 243.13
1 < 500
1 < Age: 1
1 < Connection: keep-alive
1 < Content-Length: 0
1 < Date: Sun, 10 Nov 2019 07:38:33 GMT
1 < Server: Cowboy
1 < Via: 1.1 vegur

10:38:35.001 [main] ERROR com.intuit.karate - status code was: 500, expected: 200, response time: 243, url: http://www.mocky.io/v2/healthz, response: 
]]></system-out>
  </testcase>
  <testcase name="testAll[1][3]" classname="hackhaton.hackhatonRun" time="0.027">
    <failure message="products.feature:28 - request body is required for a POST, please use the &apos;request&apos; keyword" type="org.opentest4j.AssertionFailedError">org.opentest4j.AssertionFailedError: products.feature:28 - request body is required for a POST, please use the 'request' keyword
</failure>
    <system-out><![CDATA[10:38:35.008 [main] INFO  com.intuit.karate - karate.env system property was: null 
10:38:35.009 [main] ERROR com.intuit.karate - http request failed: request body is required for a POST, please use the 'request' keyword
]]></system-out>
  </testcase>
  <testcase name="testAll[1][4]" classname="hackhaton.hackhatonRun" time="0.22">
    <failure message="products.feature:35 - status code was: 500, expected: 200, response time: 228, url: http://www.mocky.io/v2/products/1, response: " type="org.opentest4j.AssertionFailedError">org.opentest4j.AssertionFailedError: products.feature:35 - status code was: 500, expected: 200, response time: 228, url: http://www.mocky.io/v2/products/1, response: 
</failure>
    <system-out><![CDATA[10:38:35.016 [main] INFO  com.intuit.karate - karate.env system property was: null 
10:38:35.018 [main] DEBUG com.intuit.karate - request:
1 > GET http://www.mocky.io/v2/products/1
1 > Accept: application/json
1 > Accept-Encoding: gzip,deflate
1 > Connection: Keep-Alive
1 > Host: www.mocky.io
1 > User-Agent: Apache-HttpClient/4.5.5 (Java/1.8.0_221)

10:38:35.247 [main] DEBUG com.intuit.karate - response time in milliseconds: 227.76
1 < 500
1 < Age: 2
1 < Connection: keep-alive
1 < Content-Length: 0
1 < Date: Sun, 10 Nov 2019 07:38:33 GMT
1 < Server: Cowboy
1 < Via: 1.1 vegur

10:38:35.248 [main] ERROR com.intuit.karate - status code was: 500, expected: 200, response time: 228, url: http://www.mocky.io/v2/products/1, response: 
]]></system-out>
  </testcase>
  <testcase name="testAll[1][5]" classname="hackhaton.hackhatonRun" time="0.011">
    <failure message="products.feature:39 - javascript evaluation failed: productPath, ReferenceError: &quot;productPath&quot; is not defined in &lt;eval&gt; at line number 1" type="org.opentest4j.AssertionFailedError"><![CDATA[org.opentest4j.AssertionFailedError: products.feature:39 - javascript evaluation failed: productPath, ReferenceError: "productPath" is not defined in <eval> at line number 1
]]></failure>
    <system-out><![CDATA[10:38:35.254 [main] INFO  com.intuit.karate - karate.env system property was: null 
]]></system-out>
  </testcase>
  <testcase name="testAll[2][1]" classname="hackhaton.hackhatonRun" time="0.26">
    <failure message="seller.feature:18 - status code was: 500, expected: 200, response time: 248, url: http://www.mocky.io/v2/healthz, response: " type="org.opentest4j.AssertionFailedError">org.opentest4j.AssertionFailedError: seller.feature:18 - status code was: 500, expected: 200, response time: 248, url: http://www.mocky.io/v2/healthz, response: 
</failure>
    <system-out><![CDATA[10:38:35.261 [main] INFO  com.intuit.karate - karate.env system property was: null 
10:38:35.264 [main] DEBUG com.intuit.karate - request:
1 > GET http://www.mocky.io/v2/healthz
1 > Accept: application/json
1 > Accept-Encoding: gzip,deflate
1 > Connection: Keep-Alive
1 > Host: www.mocky.io
1 > User-Agent: Apache-HttpClient/4.5.5 (Java/1.8.0_221)

10:38:35.513 [main] DEBUG com.intuit.karate - response time in milliseconds: 248.16
1 < 500
1 < Age: 2
1 < Connection: keep-alive
1 < Content-Length: 0
1 < Date: Sun, 10 Nov 2019 07:38:33 GMT
1 < Server: Cowboy
1 < Via: 1.1 vegur

10:38:35.514 [main] ERROR com.intuit.karate - status code was: 500, expected: 200, response time: 248, url: http://www.mocky.io/v2/healthz, response: 
]]></system-out>
  </testcase>
  <testcase name="testAll[2][2]" classname="hackhaton.hackhatonRun" time="0.028">
    <failure message="seller.feature:23 - request body is required for a POST, please use the &apos;request&apos; keyword" type="org.opentest4j.AssertionFailedError">org.opentest4j.AssertionFailedError: seller.feature:23 - request body is required for a POST, please use the 'request' keyword
</failure>
    <system-out><![CDATA[10:38:35.523 [main] INFO  com.intuit.karate - karate.env system property was: null 
10:38:35.524 [main] ERROR com.intuit.karate - http request failed: request body is required for a POST, please use the 'request' keyword
]]></system-out>
  </testcase>
  <testcase name="testAll[2][3]" classname="hackhaton.hackhatonRun" time="0.237">
    <failure message="seller.feature:30 - status code was: 500, expected: 200, response time: 254, url: http://www.mocky.io/v2/sellers/15, response: " type="org.opentest4j.AssertionFailedError">org.opentest4j.AssertionFailedError: seller.feature:30 - status code was: 500, expected: 200, response time: 254, url: http://www.mocky.io/v2/sellers/15, response: 
</failure>
    <system-out><![CDATA[10:38:35.529 [main] INFO  com.intuit.karate - karate.env system property was: null 
10:38:35.533 [main] DEBUG com.intuit.karate - request:
1 > GET http://www.mocky.io/v2/sellers/15
1 > Accept: application/json
1 > Accept-Encoding: gzip,deflate
1 > Connection: Keep-Alive
1 > Host: www.mocky.io
1 > User-Agent: Apache-HttpClient/4.5.5 (Java/1.8.0_221)

10:38:35.787 [main] DEBUG com.intuit.karate - response time in milliseconds: 254.34
1 < 500
1 < Age: 1
1 < Connection: keep-alive
1 < Content-Length: 0
1 < Date: Sun, 10 Nov 2019 07:38:34 GMT
1 < Server: Cowboy
1 < Via: 1.1 vegur

10:38:35.788 [main] ERROR com.intuit.karate - status code was: 500, expected: 200, response time: 254, url: http://www.mocky.io/v2/sellers/15, response: 
]]></system-out>
  </testcase>
  <testcase name="testAll[2][4]" classname="hackhaton.hackhatonRun" time="0.27">
    <failure message="seller.feature:36 - status code was: 500, expected: 200, response time: 261, url: http://www.mocky.io/v2/sellers, response: " type="org.opentest4j.AssertionFailedError">org.opentest4j.AssertionFailedError: seller.feature:36 - status code was: 500, expected: 200, response time: 261, url: http://www.mocky.io/v2/sellers, response: 
</failure>
    <system-out><![CDATA[10:38:35.794 [main] INFO  com.intuit.karate - karate.env system property was: null 
10:38:35.795 [main] DEBUG com.intuit.karate - request:
1 > GET http://www.mocky.io/v2/sellers
1 > Accept: application/json
1 > Accept-Encoding: gzip,deflate
1 > Connection: Keep-Alive
1 > Host: www.mocky.io
1 > User-Agent: Apache-HttpClient/4.5.5 (Java/1.8.0_221)

10:38:36.057 [main] DEBUG com.intuit.karate - response time in milliseconds: 260.59
1 < 500
1 < Age: 1
1 < Connection: keep-alive
1 < Content-Length: 0
1 < Date: Sun, 10 Nov 2019 07:38:34 GMT
1 < Server: Cowboy
1 < Via: 1.1 vegur

10:38:36.057 [main] ERROR com.intuit.karate - status code was: 500, expected: 200, response time: 261, url: http://www.mocky.io/v2/sellers, response: 
]]></system-out>
  </testcase>
  <testcase name="testAll[2][5]" classname="hackhaton.hackhatonRun" time="0.28">
    <failure message="seller.feature:42 - status code was: 500, expected: 200, response time: 269, url: http://www.mocky.io/v2/sellers/15/products, response: " type="org.opentest4j.AssertionFailedError">org.opentest4j.AssertionFailedError: seller.feature:42 - status code was: 500, expected: 200, response time: 269, url: http://www.mocky.io/v2/sellers/15/products, response: 
</failure>
    <system-out><![CDATA[10:38:36.063 [main] INFO  com.intuit.karate - karate.env system property was: null 
10:38:36.066 [main] DEBUG com.intuit.karate - request:
1 > GET http://www.mocky.io/v2/sellers/15/products
1 > Accept: application/json
1 > Accept-Encoding: gzip,deflate
1 > Connection: Keep-Alive
1 > Host: www.mocky.io
1 > User-Agent: Apache-HttpClient/4.5.5 (Java/1.8.0_221)

10:38:36.335 [main] DEBUG com.intuit.karate - response time in milliseconds: 268.82
1 < 500
1 < Age: 2
1 < Connection: keep-alive
1 < Content-Length: 0
1 < Date: Sun, 10 Nov 2019 07:38:34 GMT
1 < Server: Cowboy
1 < Via: 1.1 vegur

10:38:36.336 [main] ERROR com.intuit.karate - status code was: 500, expected: 200, response time: 269, url: http://www.mocky.io/v2/sellers/15/products, response: 
]]></system-out>
  </testcase>
</testsuite>