<?xml version="1.0" encoding="UTF-8"?>
<testsuite xmlns:xsi="http://www.w3.org/2001/XMLSchema-instance" xsi:schemaLocation="https://maven.apache.org/surefire/maven-surefire-plugin/xsd/surefire-test-report.xsd" name="hackhaton.hackhatonRun" time="1.533" tests="10" errors="0" skipped="0" failures="9">
  <properties>
    <property name="java.runtime.name" value="Java(TM) SE Runtime Environment"/>
    <property name="sun.boot.library.path" value="C:\Program Files\Java\jdk1.8.0_221\jre\bin"/>
    <property name="java.vm.version" value="25.221-b11"/>
    <property name="java.vm.vendor" value="Oracle Corporation"/>
    <property name="maven.multiModuleProjectDirectory" value="C:\Users\CATWEAR\Projects\KLOIA\day2-hackhaton-team1"/>
    <property name="java.vendor.url" value="http://java.oracle.com/"/>
    <property name="path.separator" value=";"/>
    <property name="guice.disable.misplaced.annotation.check" value="true"/>
    <property name="java.vm.name" value="Java HotSpot(TM) 64-Bit Server VM"/>
    <property name="file.encoding.pkg" value="sun.io"/>
    <property name="user.script" value=""/>
    <property name="user.country" value="US"/>
    <property name="sun.java.launcher" value="SUN_STANDARD"/>
    <property name="sun.os.patch.level" value=""/>
    <property name="test" value="hackhatonRun"/>
    <property name="java.vm.specification.name" value="Java Virtual Machine Specification"/>
    <property name="user.dir" value="C:\Users\CATWEAR\Projects\KLOIA\day2-hackhaton-team1"/>
    <property name="java.runtime.version" value="1.8.0_221-b11"/>
    <property name="java.awt.graphicsenv" value="sun.awt.Win32GraphicsEnvironment"/>
    <property name="java.endorsed.dirs" value="C:\Program Files\Java\jdk1.8.0_221\jre\lib\endorsed"/>
    <property name="os.arch" value="amd64"/>
    <property name="java.io.tmpdir" value="C:\Users\CATWEAR\AppData\Local\Temp\"/>
    <property name="line.separator" value="&#10;"/>
    <property name="java.vm.specification.vendor" value="Oracle Corporation"/>
    <property name="user.variant" value=""/>
    <property name="os.name" value="Windows 10"/>
    <property name="classworlds.conf" value="C:\ProgramData\chocolatey\lib\maven\apache-maven-3.6.1\bin\..\bin\m2.conf"/>
    <property name="sun.jnu.encoding" value="Cp1254"/>
    <property name="java.library.path" value="C:\Program Files\Java\jdk1.8.0_221\bin;C:\WINDOWS\Sun\Java\bin;C:\WINDOWS\system32;C:\WINDOWS;C:\ProgramData\DockerDesktop\version-bin;C:\Program Files\Docker\Docker\Resources\bin;C:\tools\ruby26\bin;C:\Program Files (x86)\Common Files\Oracle\Java\javapath;C:\Python37\Scripts\;C:\Python37\;C:\Windows\system32;C:\Windows;C:\Windows\System32\Wbem;C:\Windows\System32\WindowsPowerShell\v1.0\;C:\Windows\System32\OpenSSH\;C:\ProgramData\chocolatey\bin;C:\composer;C:\Program Files\MySQL\MySQL Utilities 1.6\;C:\Program Files (x86)\NVIDIA Corporation\PhysX\Common;C:\Program Files\NVIDIA Corporation\NVIDIA NvDLISR;C:\Program Files\Java\jdk1.8.0_201\bin;C:\Program Files\nodejs\;C:\Program Files\postgresql\10\bin;C:\php-7.2.16;C:\tools\php73;C:\Program Files\Microsoft VS Code\bin;C:\Program Files\Microsoft SQL Server\130\Tools\Binn\;C:\Program Files\Microsoft SQL Server\Client SDK\ODBC\170\Tools\Binn\;C:\WINDOWS\system32;C:\WINDOWS;C:\WINDOWS\System32\Wbem;C:\WINDOWS\System32\WindowsPowerShell\v1.0\;C:\WINDOWS\System32\OpenSSH\;C:\ProgramData\chocolatey\lib\maven\apache-maven-3.6.1\bin;C:\Program Files\Git\cmd;C:\Program Files (x86)\Bitvise SSH Client;C:\Program Files\PowerShell\7-preview\preview;C:\Program Files\Java\jdk1.8.0_221\bin;C:\Users\CATWEAR\scoop\shims;C:\Users\CATWEAR\AppData\Local\Microsoft\WindowsApps;C:\Users\CATWEAR\AppData\Roaming\Composer\vendor\bin;C:\tools\mysql\current\bin;;C:\Users\CATWEAR\AppData\Local\hyper\app-2.1.2\resources\bin;C:\Users\CATWEAR\AppData\Roaming\npm;."/>
    <property name="maven.conf" value="C:\ProgramData\chocolatey\lib\maven\apache-maven-3.6.1\bin\../conf"/>
    <property name="java.specification.name" value="Java Platform API Specification"/>
    <property name="java.class.version" value="52.0"/>
    <property name="sun.management.compiler" value="HotSpot 64-Bit Tiered Compilers"/>
    <property name="os.version" value="10.0"/>
    <property name="library.jansi.path" value="C:\ProgramData\chocolatey\lib\maven\apache-maven-3.6.1\bin\..\lib\jansi-native"/>
    <property name="user.home" value="C:\Users\CATWEAR"/>
    <property name="user.timezone" value="Asia/Istanbul"/>
    <property name="java.awt.printerjob" value="sun.awt.windows.WPrinterJob"/>
    <property name="java.specification.version" value="1.8"/>
    <property name="file.encoding" value="Cp1254"/>
    <property name="user.name" value="CATWEAR"/>
    <property name="java.class.path" value="C:\ProgramData\chocolatey\lib\maven\apache-maven-3.6.1\bin\..\boot\plexus-classworlds-2.6.0.jar"/>
    <property name="java.vm.specification.version" value="1.8"/>
    <property name="sun.arch.data.model" value="64"/>
    <property name="java.home" value="C:\Program Files\Java\jdk1.8.0_221\jre"/>
    <property name="sun.java.command" value="org.codehaus.plexus.classworlds.launcher.Launcher test -Dtest=hackhatonRun"/>
    <property name="java.specification.vendor" value="Oracle Corporation"/>
    <property name="user.language" value="en"/>
    <property name="awt.toolkit" value="sun.awt.windows.WToolkit"/>
    <property name="java.vm.info" value="mixed mode"/>
    <property name="java.version" value="1.8.0_221"/>
    <property name="java.ext.dirs" value="C:\Program Files\Java\jdk1.8.0_221\jre\lib\ext;C:\WINDOWS\Sun\Java\lib\ext"/>
    <property name="sun.boot.class.path" value="C:\Program Files\Java\jdk1.8.0_221\jre\lib\resources.jar;C:\Program Files\Java\jdk1.8.0_221\jre\lib\rt.jar;C:\Program Files\Java\jdk1.8.0_221\jre\lib\sunrsasign.jar;C:\Program Files\Java\jdk1.8.0_221\jre\lib\jsse.jar;C:\Program Files\Java\jdk1.8.0_221\jre\lib\jce.jar;C:\Program Files\Java\jdk1.8.0_221\jre\lib\charsets.jar;C:\Program Files\Java\jdk1.8.0_221\jre\lib\jfr.jar;C:\Program Files\Java\jdk1.8.0_221\jre\classes"/>
    <property name="sun.stderr.encoding" value="cp857"/>
    <property name="java.vendor" value="Oracle Corporation"/>
    <property name="maven.home" value="C:\ProgramData\chocolatey\lib\maven\apache-maven-3.6.1\bin\.."/>
    <property name="file.separator" value="\"/>
    <property name="java.vendor.url.bug" value="http://bugreport.sun.com/bugreport/"/>
    <property name="sun.cpu.endian" value="little"/>
    <property name="sun.io.unicode.encoding" value="UnicodeLittle"/>
    <property name="sun.stdout.encoding" value="cp857"/>
    <property name="sun.desktop" value="windows"/>
    <property name="sun.cpu.isalist" value="amd64"/>
  </properties>
  <testcase name="testAll[1][1]" classname="hackhaton.hackhatonRun" time="0.038"/>
  <testcase name="testAll[1][2]" classname="hackhaton.hackhatonRun" time="0.161">
    <failure message="products.feature:23 - status code was: 500, expected: 200, response time: 243, url: http://www.mocky.io/v2/healthz, response: " type="org.opentest4j.AssertionFailedError">org.opentest4j.AssertionFailedError: products.feature:23 - status code was: 500, expected: 200, response time: 243, url: http://www.mocky.io/v2/healthz, response: 
</failure>
    <system-out><![CDATA[10:38:34.754 [main] INFO  com.intuit.karate - karate.env system property was: null 
10:38:34.757 [main] DEBUG com.intuit.karate - request:
1 > GET http://www.mocky.io/v2/healthz
1 > Accept: application/json
1 > Accept-Encoding: gzip,deflate
1 > Connection: Keep-Alive
1 > Host: www.mocky.io
1 > User-Agent: Apache-HttpClient/4.5.5 (Java/1.8.0_221)

10:38:35.000 [main] DEBUG com.intuit.karate - response time in milliseconds: 243.13
1 < 500
1 < Age: 1
1 < Connection: keep-alive
1 < Content-Length: 0
1 < Date: Sun, 10 Nov 2019 07:38:33 GMT
1 < Server: Cowboy
1 < Via: 1.1 vegur

10:38:35.001 [main] ERROR com.intuit.karate - status code was: 500, expected: 200, response time: 243, url: http://www.mocky.io/v2/healthz, response: 
]]></system-out>
  </testcase>
  <testcase name="testAll[1][3]" classname="hackhaton.hackhatonRun" time="0.027">
    <failure message="products.feature:28 - request body is required for a POST, please use the &apos;request&apos; keyword" type="org.opentest4j.AssertionFailedError">org.opentest4j.AssertionFailedError: products.feature:28 - request body is required for a POST, please use the 'request' keyword
</failure>
    <system-out><![CDATA[10:38:35.008 [main] INFO  com.intuit.karate - karate.env system property was: null 
10:38:35.009 [main] ERROR com.intuit.karate - http request failed: request body is required for a POST, please use the 'request' keyword
]]></system-out>
  </testcase>
  <testcase name="testAll[1][4]" classname="hackhaton.hackhatonRun" time="0.22">
    <failure message="products.feature:35 - status code was: 500, expected: 200, response time: 228, url: http://www.mocky.io/v2/products/1, response: " type="org.opentest4j.AssertionFailedError">org.opentest4j.AssertionFailedError: products.feature:35 - status code was: 500, expected: 200, response time: 228, url: http://www.mocky.io/v2/products/1, response: 
</failure>
    <system-out><![CDATA[10:38:35.016 [main] INFO  com.intuit.karate - karate.env system property was: null 
10:38:35.018 [main] DEBUG com.intuit.karate - request:
1 > GET http://www.mocky.io/v2/products/1
1 > Accept: application/json
1 > Accept-Encoding: gzip,deflate
1 > Connection: Keep-Alive
1 > Host: www.mocky.io
1 > User-Agent: Apache-HttpClient/4.5.5 (Java/1.8.0_221)

10:38:35.247 [main] DEBUG com.intuit.karate - response time in milliseconds: 227.76
1 < 500
1 < Age: 2
1 < Connection: keep-alive
1 < Content-Length: 0
1 < Date: Sun, 10 Nov 2019 07:38:33 GMT
1 < Server: Cowboy
1 < Via: 1.1 vegur

10:38:35.248 [main] ERROR com.intuit.karate - status code was: 500, expected: 200, response time: 228, url: http://www.mocky.io/v2/products/1, response: 
]]></system-out>
  </testcase>
  <testcase name="testAll[1][5]" classname="hackhaton.hackhatonRun" time="0.011">
    <failure message="products.feature:39 - javascript evaluation failed: productPath, ReferenceError: &quot;productPath&quot; is not defined in &lt;eval&gt; at line number 1" type="org.opentest4j.AssertionFailedError"><![CDATA[org.opentest4j.AssertionFailedError: products.feature:39 - javascript evaluation failed: productPath, ReferenceError: "productPath" is not defined in <eval> at line number 1
]]></failure>
    <system-out><![CDATA[10:38:35.254 [main] INFO  com.intuit.karate - karate.env system property was: null 
]]></system-out>
  </testcase>
  <testcase name="testAll[2][1]" classname="hackhaton.hackhatonRun" time="0.26">
    <failure message="seller.feature:18 - status code was: 500, expected: 200, response time: 248, url: http://www.mocky.io/v2/healthz, response: " type="org.opentest4j.AssertionFailedError">org.opentest4j.AssertionFailedError: seller.feature:18 - status code was: 500, expected: 200, response time: 248, url: http://www.mocky.io/v2/healthz, response: 
</failure>
    <system-out><![CDATA[10:38:35.261 [main] INFO  com.intuit.karate - karate.env system property was: null 
10:38:35.264 [main] DEBUG com.intuit.karate - request:
1 > GET http://www.mocky.io/v2/healthz
1 > Accept: application/json
1 > Accept-Encoding: gzip,deflate
1 > Connection: Keep-Alive
1 > Host: www.mocky.io
1 > User-Agent: Apache-HttpClient/4.5.5 (Java/1.8.0_221)

10:38:35.513 [main] DEBUG com.intuit.karate - response time in milliseconds: 248.16
1 < 500
1 < Age: 2
1 < Connection: keep-alive
1 < Content-Length: 0
1 < Date: Sun, 10 Nov 2019 07:38:33 GMT
1 < Server: Cowboy
1 < Via: 1.1 vegur

10:38:35.514 [main] ERROR com.intuit.karate - status code was: 500, expected: 200, response time: 248, url: http://www.mocky.io/v2/healthz, response: 
]]></system-out>
  </testcase>
  <testcase name="testAll[2][2]" classname="hackhaton.hackhatonRun" time="0.028">
    <failure message="seller.feature:23 - request body is required for a POST, please use the &apos;request&apos; keyword" type="org.opentest4j.AssertionFailedError">org.opentest4j.AssertionFailedError: seller.feature:23 - request body is required for a POST, please use the 'request' keyword
</failure>
    <system-out><![CDATA[10:38:35.523 [main] INFO  com.intuit.karate - karate.env system property was: null 
10:38:35.524 [main] ERROR com.intuit.karate - http request failed: request body is required for a POST, please use the 'request' keyword
]]></system-out>
  </testcase>
  <testcase name="testAll[2][3]" classname="hackhaton.hackhatonRun" time="0.237">
    <failure message="seller.feature:30 - status code was: 500, expected: 200, response time: 254, url: http://www.mocky.io/v2/sellers/15, response: " type="org.opentest4j.AssertionFailedError">org.opentest4j.AssertionFailedError: seller.feature:30 - status code was: 500, expected: 200, response time: 254, url: http://www.mocky.io/v2/sellers/15, response: 
</failure>
    <system-out><![CDATA[10:38:35.529 [main] INFO  com.intuit.karate - karate.env system property was: null 
10:38:35.533 [main] DEBUG com.intuit.karate - request:
1 > GET http://www.mocky.io/v2/sellers/15
1 > Accept: application/json
1 > Accept-Encoding: gzip,deflate
1 > Connection: Keep-Alive
1 > Host: www.mocky.io
1 > User-Agent: Apache-HttpClient/4.5.5 (Java/1.8.0_221)

10:38:35.787 [main] DEBUG com.intuit.karate - response time in milliseconds: 254.34
1 < 500
1 < Age: 1
1 < Connection: keep-alive
1 < Content-Length: 0
1 < Date: Sun, 10 Nov 2019 07:38:34 GMT
1 < Server: Cowboy
1 < Via: 1.1 vegur

10:38:35.788 [main] ERROR com.intuit.karate - status code was: 500, expected: 200, response time: 254, url: http://www.mocky.io/v2/sellers/15, response: 
]]></system-out>
  </testcase>
  <testcase name="testAll[2][4]" classname="hackhaton.hackhatonRun" time="0.27">
    <failure message="seller.feature:36 - status code was: 500, expected: 200, response time: 261, url: http://www.mocky.io/v2/sellers, response: " type="org.opentest4j.AssertionFailedError">org.opentest4j.AssertionFailedError: seller.feature:36 - status code was: 500, expected: 200, response time: 261, url: http://www.mocky.io/v2/sellers, response: 
</failure>
    <system-out><![CDATA[10:38:35.794 [main] INFO  com.intuit.karate - karate.env system property was: null 
10:38:35.795 [main] DEBUG com.intuit.karate - request:
1 > GET http://www.mocky.io/v2/sellers
1 > Accept: application/json
1 > Accept-Encoding: gzip,deflate
1 > Connection: Keep-Alive
1 > Host: www.mocky.io
1 > User-Agent: Apache-HttpClient/4.5.5 (Java/1.8.0_221)

10:38:36.057 [main] DEBUG com.intuit.karate - response time in milliseconds: 260.59
1 < 500
1 < Age: 1
1 < Connection: keep-alive
1 < Content-Length: 0
1 < Date: Sun, 10 Nov 2019 07:38:34 GMT
1 < Server: Cowboy
1 < Via: 1.1 vegur

10:38:36.057 [main] ERROR com.intuit.karate - status code was: 500, expected: 200, response time: 261, url: http://www.mocky.io/v2/sellers, response: 
]]></system-out>
  </testcase>
  <testcase name="testAll[2][5]" classname="hackhaton.hackhatonRun" time="0.28">
    <failure message="seller.feature:42 - status code was: 500, expected: 200, response time: 269, url: http://www.mocky.io/v2/sellers/15/products, response: " type="org.opentest4j.AssertionFailedError">org.opentest4j.AssertionFailedError: seller.feature:42 - status code was: 500, expected: 200, response time: 269, url: http://www.mocky.io/v2/sellers/15/products, response: 
</failure>
    <system-out><![CDATA[10:38:36.063 [main] INFO  com.intuit.karate - karate.env system property was: null 
10:38:36.066 [main] DEBUG com.intuit.karate - request:
1 > GET http://www.mocky.io/v2/sellers/15/products
1 > Accept: application/json
1 > Accept-Encoding: gzip,deflate
1 > Connection: Keep-Alive
1 > Host: www.mocky.io
1 > User-Agent: Apache-HttpClient/4.5.5 (Java/1.8.0_221)

10:38:36.335 [main] DEBUG com.intuit.karate - response time in milliseconds: 268.82
1 < 500
1 < Age: 2
1 < Connection: keep-alive
1 < Content-Length: 0
1 < Date: Sun, 10 Nov 2019 07:38:34 GMT
1 < Server: Cowboy
1 < Via: 1.1 vegur

10:38:36.336 [main] ERROR com.intuit.karate - status code was: 500, expected: 200, response time: 269, url: http://www.mocky.io/v2/sellers/15/products, response: 
]]></system-out>
  </testcase>
</testsuite>